Info: Starting: Create HDL design files for synthesis
Info: qsys-generate C:\Andrey\AGSTU\HWSW\VGA_IP\embedded_computer_system.qsys --synthesis=VHDL --output-directory=C:\Andrey\AGSTU\HWSW\VGA_IP\embedded_computer_system\synthesis --family="MAX 10" --part=10M50DAF484C7G
Progress: Loading VGA_IP/embedded_computer_system.qsys
Progress: Reading input file
Progress: Adding VGA_IP_0 [VGA_IP 1.4]
Progress: Parameterizing module VGA_IP_0
Progress: Adding clk_0 [clock_source 18.1]
Progress: Parameterizing module clk_0
Progress: Adding cpu [altera_nios2_gen2 18.1]
Progress: Parameterizing module cpu
Progress: Adding jtag_uart [altera_avalon_jtag_uart 18.1]
Progress: Parameterizing module jtag_uart
Progress: Adding onchip_ram [altera_avalon_onchip_memory2 18.1]
Progress: Parameterizing module onchip_ram
Progress: Building connections
Progress: Parameterizing connections
Progress: Validating
Progress: Done reading input file
Info: embedded_computer_system.jtag_uart: JTAG UART IP input clock need to be at least double (2x) the operating frequency of JTAG TCK on board
Info: embedded_computer_system: Generating embedded_computer_system "embedded_computer_system" for QUARTUS_SYNTH
Info: VGA_IP_0: "embedded_computer_system" instantiated VGA_IP "VGA_IP_0"
Info: cpu: "embedded_computer_system" instantiated altera_nios2_gen2 "cpu"
Info: jtag_uart: Starting RTL generation for module 'embedded_computer_system_jtag_uart'
Info: jtag_uart:   Generation command is [exec C:/intelfpga_lite/18.1/quartus/bin64/perl/bin/perl.exe -I C:/intelfpga_lite/18.1/quartus/bin64/perl/lib -I C:/intelfpga_lite/18.1/quartus/sopc_builder/bin/europa -I C:/intelfpga_lite/18.1/quartus/sopc_builder/bin/perl_lib -I C:/intelfpga_lite/18.1/quartus/sopc_builder/bin -I C:/intelfpga_lite/18.1/quartus/../ip/altera/sopc_builder_ip/common -I C:/intelfpga_lite/18.1/quartus/../ip/altera/sopc_builder_ip/altera_avalon_jtag_uart -- C:/intelfpga_lite/18.1/quartus/../ip/altera/sopc_builder_ip/altera_avalon_jtag_uart/generate_rtl.pl --name=embedded_computer_system_jtag_uart --dir=C:/Users/Andrey/AppData/Local/Temp/alt8759_6425233874985039362.dir/0004_jtag_uart_gen/ --quartus_dir=C:/intelfpga_lite/18.1/quartus --verilog --config=C:/Users/Andrey/AppData/Local/Temp/alt8759_6425233874985039362.dir/0004_jtag_uart_gen//embedded_computer_system_jtag_uart_component_configuration.pl  --do_build_sim=0  ]
Info: jtag_uart: Done RTL generation for module 'embedded_computer_system_jtag_uart'
Info: jtag_uart: "embedded_computer_system" instantiated altera_avalon_jtag_uart "jtag_uart"
Info: onchip_ram: Starting RTL generation for module 'embedded_computer_system_onchip_ram'
Info: onchip_ram:   Generation command is [exec C:/intelfpga_lite/18.1/quartus/bin64/perl/bin/perl.exe -I C:/intelfpga_lite/18.1/quartus/bin64/perl/lib -I C:/intelfpga_lite/18.1/quartus/sopc_builder/bin/europa -I C:/intelfpga_lite/18.1/quartus/sopc_builder/bin/perl_lib -I C:/intelfpga_lite/18.1/quartus/sopc_builder/bin -I C:/intelfpga_lite/18.1/quartus/../ip/altera/sopc_builder_ip/common -I C:/intelfpga_lite/18.1/quartus/../ip/altera/sopc_builder_ip/altera_avalon_onchip_memory2 -- C:/intelfpga_lite/18.1/quartus/../ip/altera/sopc_builder_ip/altera_avalon_onchip_memory2/generate_rtl.pl --name=embedded_computer_system_onchip_ram --dir=C:/Users/Andrey/AppData/Local/Temp/alt8759_6425233874985039362.dir/0005_onchip_ram_gen/ --quartus_dir=C:/intelfpga_lite/18.1/quartus --verilog --config=C:/Users/Andrey/AppData/Local/Temp/alt8759_6425233874985039362.dir/0005_onchip_ram_gen//embedded_computer_system_onchip_ram_component_configuration.pl  --do_build_sim=0  ]
Info: onchip_ram: Done RTL generation for module 'embedded_computer_system_onchip_ram'
Info: onchip_ram: "embedded_computer_system" instantiated altera_avalon_onchip_memory2 "onchip_ram"
Info: avalon_st_adapter: Inserting error_adapter: error_adapter_0
Info: avalon_st_adapter_001: Inserting error_adapter: error_adapter_0
Info: avalon_st_adapter_002: Inserting error_adapter: error_adapter_0
Info: avalon_st_adapter_003: Inserting error_adapter: error_adapter_0
Info: mm_interconnect_0: "embedded_computer_system" instantiated altera_mm_interconnect "mm_interconnect_0"
Info: irq_mapper: "embedded_computer_system" instantiated altera_irq_mapper "irq_mapper"
Info: rst_controller: "embedded_computer_system" instantiated altera_reset_controller "rst_controller"
Info: cpu: Starting RTL generation for module 'embedded_computer_system_cpu_cpu'
Info: cpu:   Generation command is [exec C:/intelFPGA_lite/18.1/quartus/bin64//eperlcmd.exe -I C:/intelFPGA_lite/18.1/quartus/bin64//perl/lib -I C:/intelfpga_lite/18.1/quartus/sopc_builder/bin/europa -I C:/intelfpga_lite/18.1/quartus/sopc_builder/bin/perl_lib -I C:/intelfpga_lite/18.1/quartus/sopc_builder/bin -I C:/intelfpga_lite/18.1/quartus/../ip/altera/nios2_ip/altera_nios2_gen2/cpu_lib -I C:/intelfpga_lite/18.1/quartus/../ip/altera/nios2_ip/altera_nios2_gen2/nios_lib -I C:/intelfpga_lite/18.1/quartus/../ip/altera/nios2_ip/altera_nios2_gen2 -I C:/intelfpga_lite/18.1/quartus/../ip/altera/nios2_ip/altera_nios2_gen2 -- C:/intelfpga_lite/18.1/quartus/../ip/altera/nios2_ip/altera_nios2_gen2/generate_rtl.epl --name=embedded_computer_system_cpu_cpu --dir=C:/Users/Andrey/AppData/Local/Temp/alt8759_6425233874985039362.dir/0008_cpu_gen/ --quartus_bindir=C:/intelFPGA_lite/18.1/quartus/bin64/ --verilog --config=C:/Users/Andrey/AppData/Local/Temp/alt8759_6425233874985039362.dir/0008_cpu_gen//embedded_computer_system_cpu_cpu_processor_configuration.pl  --do_build_sim=0  ]
Info: cpu: # 2021.05.12 10:48:03 (*) Starting Nios II generation
Info: cpu: # 2021.05.12 10:48:03 (*)   Checking for plaintext license.
Info: cpu: # 2021.05.12 10:48:04 (*)   Couldn't query license setup in Quartus directory C:/intelFPGA_lite/18.1/quartus/bin64/
Info: cpu: # 2021.05.12 10:48:04 (*)   Defaulting to contents of LM_LICENSE_FILE environment variable
Info: cpu: # 2021.05.12 10:48:04 (*)   LM_LICENSE_FILE environment variable is empty
Info: cpu: # 2021.05.12 10:48:04 (*)   Plaintext license not found.
Info: cpu: # 2021.05.12 10:48:04 (*)   No license required to generate encrypted Nios II/e.
Info: cpu: # 2021.05.12 10:48:04 (*)   Elaborating CPU configuration settings
Info: cpu: # 2021.05.12 10:48:04 (*)   Creating all objects for CPU
Info: cpu: # 2021.05.12 10:48:05 (*)   Generating RTL from CPU objects
Info: cpu: # 2021.05.12 10:48:05 (*)   Creating plain-text RTL
Info: cpu: # 2021.05.12 10:48:06 (*) Done Nios II generation
Info: cpu: Done RTL generation for module 'embedded_computer_system_cpu_cpu'
Info: cpu: "cpu" instantiated altera_nios2_gen2_unit "cpu"
Info: cpu_data_master_translator: "mm_interconnect_0" instantiated altera_merlin_master_translator "cpu_data_master_translator"
Info: jtag_uart_avalon_jtag_slave_translator: "mm_interconnect_0" instantiated altera_merlin_slave_translator "jtag_uart_avalon_jtag_slave_translator"
Info: cpu_data_master_agent: "mm_interconnect_0" instantiated altera_merlin_master_agent "cpu_data_master_agent"
Info: jtag_uart_avalon_jtag_slave_agent: "mm_interconnect_0" instantiated altera_merlin_slave_agent "jtag_uart_avalon_jtag_slave_agent"
Info: jtag_uart_avalon_jtag_slave_agent_rsp_fifo: "mm_interconnect_0" instantiated altera_avalon_sc_fifo "jtag_uart_avalon_jtag_slave_agent_rsp_fifo"
Info: router: "mm_interconnect_0" instantiated altera_merlin_router "router"
Info: router_001: "mm_interconnect_0" instantiated altera_merlin_router "router_001"
Info: router_002: "mm_interconnect_0" instantiated altera_merlin_router "router_002"
Info: router_003: "mm_interconnect_0" instantiated altera_merlin_router "router_003"
Info: cmd_demux: "mm_interconnect_0" instantiated altera_merlin_demultiplexer "cmd_demux"
Info: cmd_demux_001: "mm_interconnect_0" instantiated altera_merlin_demultiplexer "cmd_demux_001"
Info: cmd_mux: "mm_interconnect_0" instantiated altera_merlin_multiplexer "cmd_mux"
Info: cmd_mux_001: "mm_interconnect_0" instantiated altera_merlin_multiplexer "cmd_mux_001"
Info: Reusing file C:/Andrey/AGSTU/HWSW/VGA_IP/embedded_computer_system/synthesis/submodules/altera_merlin_arbitrator.sv
Info: rsp_demux: "mm_interconnect_0" instantiated altera_merlin_demultiplexer "rsp_demux"
Info: rsp_demux_001: "mm_interconnect_0" instantiated altera_merlin_demultiplexer "rsp_demux_001"
Info: rsp_mux: "mm_interconnect_0" instantiated altera_merlin_multiplexer "rsp_mux"
Info: Reusing file C:/Andrey/AGSTU/HWSW/VGA_IP/embedded_computer_system/synthesis/submodules/altera_merlin_arbitrator.sv
Info: rsp_mux_001: "mm_interconnect_0" instantiated altera_merlin_multiplexer "rsp_mux_001"
Info: Reusing file C:/Andrey/AGSTU/HWSW/VGA_IP/embedded_computer_system/synthesis/submodules/altera_merlin_arbitrator.sv
Info: avalon_st_adapter: "mm_interconnect_0" instantiated altera_avalon_st_adapter "avalon_st_adapter"
Info: error_adapter_0: "avalon_st_adapter" instantiated error_adapter "error_adapter_0"
Info: embedded_computer_system: Done "embedded_computer_system" with 28 modules, 43 files
Info: qsys-generate succeeded.
Info: Finished: Create HDL design files for synthesis
