Flow report for air_conditioner
Fri May 27 16:26:07 2022
Quartus Prime Version 18.1.0 Build 625 09/12/2018 SJ Lite Edition


---------------------
; Table of Contents ;
---------------------
  1. Legal Notice
  2. Flow Summary
  3. Flow Settings
  4. Flow Non-Default Global Settings
  5. Flow Elapsed Time
  6. Flow OS Summary
  7. Flow Log
  8. Flow Messages
  9. Flow Suppressed Messages



----------------
; Legal Notice ;
----------------
Copyright (C) 2018  Intel Corporation. All rights reserved.
Your use of Intel Corporation's design tools, logic functions 
and other software and tools, and its AMPP partner logic 
functions, and any output files from any of the foregoing 
(including device programming or simulation files), and any 
associated documentation or information are expressly subject 
to the terms and conditions of the Intel Program License 
Subscription Agreement, the Intel Quartus Prime License Agreement,
the Intel FPGA IP License Agreement, or other applicable license
agreement, including, without limitation, that your use is for
the sole purpose of programming logic devices manufactured by
Intel and sold by Intel or its authorized distributors.  Please
refer to the applicable agreement for further details.



+-------------------------------------------------------------------------------------------+
; Flow Summary                                                                              ;
+------------------------------------+------------------------------------------------------+
; Flow Status                        ; EDA Netlist Writer Failed - Fri May 27 16:26:07 2022 ;
; Quartus Prime Version              ; 18.1.0 Build 625 09/12/2018 SJ Lite Edition          ;
; Revision Name                      ; air_conditioner                                      ;
; Top-level Entity Name              ; air_conditioner                                      ;
; Family                             ; MAX 10                                               ;
; Device                             ; 10M50DAF484C7G                                       ;
; Timing Models                      ; Final                                                ;
; Total logic elements               ; 16,374 / 49,760 ( 33 % )                             ;
;     Total combinational functions  ; 13,405 / 49,760 ( 27 % )                             ;
;     Dedicated logic registers      ; 8,792 / 49,760 ( 18 % )                              ;
; Total registers                    ; 8861                                                 ;
; Total pins                         ; 85 / 360 ( 24 % )                                    ;
; Total virtual pins                 ; 0                                                    ;
; Total memory bits                  ; 1,066,224 / 1,677,312 ( 64 % )                       ;
; Embedded Multiplier 9-bit elements ; 64 / 288 ( 22 % )                                    ;
; Total PLLs                         ; 2 / 4 ( 50 % )                                       ;
; UFM blocks                         ; 0 / 1 ( 0 % )                                        ;
; ADC blocks                         ; 1 / 2 ( 50 % )                                       ;
+------------------------------------+------------------------------------------------------+


+-----------------------------------------+
; Flow Settings                           ;
+-------------------+---------------------+
; Option            ; Setting             ;
+-------------------+---------------------+
; Start date & time ; 05/27/2022 16:15:56 ;
; Main task         ; Compilation         ;
; Revision Name     ; air_conditioner     ;
+-------------------+---------------------+


+-------------------------------------------------------------------------------------------------------------------------------------------------------------------------------+
; Flow Non-Default Global Settings                                                                                                                                              ;
+-------------------------------------+----------------------------------------------------------------------------+---------------+---------------------------+----------------+
; Assignment Name                     ; Value                                                                      ; Default Value ; Entity Name               ; Section Id     ;
+-------------------------------------+----------------------------------------------------------------------------+---------------+---------------------------+----------------+
; COMPILER_SIGNATURE_ID               ; 154946498705828.165366095420244                                            ; --            ; --                        ; --             ;
; EDA_OUTPUT_DATA_FORMAT              ; Vhdl                                                                       ; --            ; --                        ; eda_simulation ;
; EDA_SIMULATION_TOOL                 ; ModelSim-Altera (VHDL)                                                     ; <None>        ; --                        ; --             ;
; EDA_TIME_SCALE                      ; 1 ps                                                                       ; --            ; --                        ; eda_simulation ;
; MAX_CORE_JUNCTION_TEMP              ; 85                                                                         ; --            ; --                        ; --             ;
; MIN_CORE_JUNCTION_TEMP              ; 0                                                                          ; --            ; --                        ; --             ;
; MISC_FILE                           ; embedded_computer_system/synthesis/../embedded_computer_system.cmp         ; --            ; --                        ; --             ;
; MISC_FILE                           ; embedded_computer_system/synthesis/../../embedded_computer_system.qsys     ; --            ; --                        ; --             ;
; OUTPUT_IO_TIMING_FAR_END_VMEAS      ; Half Signal Swing                                                          ; --            ; --                        ; --             ;
; OUTPUT_IO_TIMING_FAR_END_VMEAS      ; Half Signal Swing                                                          ; --            ; --                        ; --             ;
; OUTPUT_IO_TIMING_NEAR_END_VMEAS     ; Half Vccio                                                                 ; --            ; --                        ; --             ;
; OUTPUT_IO_TIMING_NEAR_END_VMEAS     ; Half Vccio                                                                 ; --            ; --                        ; --             ;
; PARTITION_COLOR                     ; -- (Not supported for targeted family)                                     ; --            ; DE10_LITE_SDRAM_Nios_Test ; Top            ;
; PARTITION_COLOR                     ; -- (Not supported for targeted family)                                     ; --            ; --                        ; Top            ;
; PARTITION_FITTER_PRESERVATION_LEVEL ; -- (Not supported for targeted family)                                     ; --            ; DE10_LITE_SDRAM_Nios_Test ; Top            ;
; PARTITION_FITTER_PRESERVATION_LEVEL ; -- (Not supported for targeted family)                                     ; --            ; --                        ; Top            ;
; PARTITION_NETLIST_TYPE              ; -- (Not supported for targeted family)                                     ; --            ; DE10_LITE_SDRAM_Nios_Test ; Top            ;
; PARTITION_NETLIST_TYPE              ; -- (Not supported for targeted family)                                     ; --            ; --                        ; Top            ;
; POWER_BOARD_THERMAL_MODEL           ; None (CONSERVATIVE)                                                        ; --            ; --                        ; --             ;
; POWER_PRESET_COOLING_SOLUTION       ; 23 MM HEAT SINK WITH 200 LFPM AIRFLOW                                      ; --            ; --                        ; --             ;
; PROJECT_OUTPUT_DIRECTORY            ; output_files                                                               ; --            ; --                        ; --             ;
; SLD_FILE                            ; embedded_computer_system/synthesis/embedded_computer_system.regmap         ; --            ; --                        ; --             ;
; SLD_FILE                            ; embedded_computer_system/synthesis/embedded_computer_system.debuginfo      ; --            ; --                        ; --             ;
; SLD_INFO                            ; QSYS_NAME embedded_computer_system HAS_SOPCINFO 1 GENERATION_ID 1653660855 ; --            ; embedded_computer_system  ; --             ;
; SOPCINFO_FILE                       ; embedded_computer_system/synthesis/../../embedded_computer_system.sopcinfo ; --            ; --                        ; --             ;
; SYNTHESIS_ONLY_QIP                  ; On                                                                         ; --            ; --                        ; --             ;
+-------------------------------------+----------------------------------------------------------------------------+---------------+---------------------------+----------------+


+--------------------------------------------------------------------------------------------------------------------------+
; Flow Elapsed Time                                                                                                        ;
+----------------------+--------------+-------------------------+---------------------+------------------------------------+
; Module Name          ; Elapsed Time ; Average Processors Used ; Peak Virtual Memory ; Total CPU Time (on all processors) ;
+----------------------+--------------+-------------------------+---------------------+------------------------------------+
; Analysis & Synthesis ; 00:04:47     ; 1.0                     ; 5230 MB             ; 00:05:51                           ;
; Fitter               ; 00:03:35     ; 1.2                     ; 5653 MB             ; 00:04:56                           ;
; Assembler            ; 00:00:08     ; 1.0                     ; 4766 MB             ; 00:00:08                           ;
; Timing Analyzer      ; 00:00:40     ; 1.5                     ; 5037 MB             ; 00:00:51                           ;
; EDA Netlist Writer   ; 00:00:06     ; 1.0                     ; 4780 MB             ; 00:00:06                           ;
; Total                ; 00:09:16     ; --                      ; --                  ; 00:11:52                           ;
+----------------------+--------------+-------------------------+---------------------+------------------------------------+


+------------------------------------------------------------------------------------+
; Flow OS Summary                                                                    ;
+----------------------+------------------+------------+------------+----------------+
; Module Name          ; Machine Hostname ; OS Name    ; OS Version ; Processor type ;
+----------------------+------------------+------------+------------+----------------+
; Analysis & Synthesis ; DESKTOP-V6AHLE5  ; Windows 10 ; 10.0       ; x86_64         ;
; Fitter               ; DESKTOP-V6AHLE5  ; Windows 10 ; 10.0       ; x86_64         ;
; Assembler            ; DESKTOP-V6AHLE5  ; Windows 10 ; 10.0       ; x86_64         ;
; Timing Analyzer      ; DESKTOP-V6AHLE5  ; Windows 10 ; 10.0       ; x86_64         ;
; EDA Netlist Writer   ; DESKTOP-V6AHLE5  ; Windows 10 ; 10.0       ; x86_64         ;
+----------------------+------------------+------------+------------+----------------+


------------
; Flow Log ;
------------
quartus_map --read_settings_files=on --write_settings_files=off air_conditioner -c air_conditioner
quartus_fit --read_settings_files=off --write_settings_files=off air_conditioner -c air_conditioner
quartus_asm --read_settings_files=off --write_settings_files=off air_conditioner -c air_conditioner
quartus_sta air_conditioner -c air_conditioner
quartus_eda --read_settings_files=off --write_settings_files=off air_conditioner -c air_conditioner



