EDA Netlist Writer report for air_conditioner
Fri May 27 16:26:07 2022
Quartus Prime Version 18.1.0 Build 625 09/12/2018 SJ Lite Edition


---------------------
; Table of Contents ;
---------------------
  1. Legal Notice
  2. EDA Netlist Writer Summary
  3. EDA Netlist Writer Messages



----------------
; Legal Notice ;
----------------
Copyright (C) 2018  Intel Corporation. All rights reserved.
Your use of Intel Corporation's design tools, logic functions 
and other software and tools, and its AMPP partner logic 
functions, and any output files from any of the foregoing 
(including device programming or simulation files), and any 
associated documentation or information are expressly subject 
to the terms and conditions of the Intel Program License 
Subscription Agreement, the Intel Quartus Prime License Agreement,
the Intel FPGA IP License Agreement, or other applicable license
agreement, including, without limitation, that your use is for
the sole purpose of programming logic devices manufactured by
Intel and sold by Intel or its authorized distributors.  Please
refer to the applicable agreement for further details.



+---------------------------------------------------------------+
; EDA Netlist Writer Summary                                    ;
+---------------------------+-----------------------------------+
; EDA Netlist Writer Status ; Failed - Fri May 27 16:26:07 2022 ;
; Revision Name             ; air_conditioner                   ;
; Top-level Entity Name     ; air_conditioner                   ;
; Family                    ; MAX 10                            ;
+---------------------------+-----------------------------------+


+-----------------------------+
; EDA Netlist Writer Messages ;
+-----------------------------+
Info: *******************************************************************
Info: Running Quartus Prime EDA Netlist Writer
    Info: Version 18.1.0 Build 625 09/12/2018 SJ Lite Edition
    Info: Processing started: Fri May 27 16:26:01 2022
Info: Command: quartus_eda --read_settings_files=off --write_settings_files=off air_conditioner -c air_conditioner
Warning (18236): Number of processors has not been specified which may cause overloading on shared machines.  Set the global assignment NUM_PARALLEL_PROCESSORS in your QSF to an appropriate value for best performance.
Error (204009): Can't generate netlist output files because the license for encrypted file "C:/Andrey/AGSTU/Examensarbete/air_conditioner/embedded_computer_system/synthesis/submodules/modules_top_struct.vhd" is not available
Error (204009): Can't generate netlist output files because the license for encrypted file "C:/Andrey/AGSTU/Examensarbete/air_conditioner/embedded_computer_system/synthesis/submodules/sch_top.vhd" is not available
Error (204009): Can't generate netlist output files because the license for encrypted file "C:/Andrey/AGSTU/Examensarbete/air_conditioner/embedded_computer_system/synthesis/submodules/blockram.vhd" is not available
Error (204009): Can't generate netlist output files because the license for encrypted file "C:/Andrey/AGSTU/Examensarbete/air_conditioner/embedded_computer_system/synthesis/submodules/sierra_top.vhd" is not available
Error (204009): Can't generate netlist output files because the license for encrypted file "C:/Andrey/AGSTU/Examensarbete/air_conditioner/embedded_computer_system/synthesis/submodules/mod2rdy_rtl.vhd" is not available
Error (204009): Can't generate netlist output files because the license for encrypted file "C:/Andrey/AGSTU/Examensarbete/air_conditioner/embedded_computer_system/synthesis/submodules/tmq_top_tmq.vhd" is not available
Error (204009): Can't generate netlist output files because the license for encrypted file "C:/Andrey/AGSTU/Examensarbete/air_conditioner/embedded_computer_system/synthesis/submodules/sem_top_sem.vhd" is not available
Error (204009): Can't generate netlist output files because the license for encrypted file "C:/Andrey/AGSTU/Examensarbete/air_conditioner/embedded_computer_system/synthesis/submodules/_internal_global.vhd" is not available
Error (204009): Can't generate netlist output files because the license for encrypted file "C:/Andrey/AGSTU/Examensarbete/air_conditioner/embedded_computer_system/synthesis/submodules/bif_top_struct.vhd" is not available
Error (204009): Can't generate netlist output files because the license for encrypted file "C:/Andrey/AGSTU/Examensarbete/air_conditioner/embedded_computer_system/synthesis/submodules/irq_top_struct.vhd" is not available
Error (204009): Can't generate netlist output files because the license for encrypted file "C:/Andrey/AGSTU/Examensarbete/air_conditioner/embedded_computer_system/synthesis/submodules/_internals.vhd" is not available
Error (204009): Can't generate netlist output files because the license for encrypted file "C:/Andrey/AGSTU/Examensarbete/air_conditioner/embedded_computer_system/synthesis/submodules/modules_top_struct.vhd" is not available
Error (204009): Can't generate netlist output files because the license for encrypted file "C:/Andrey/AGSTU/Examensarbete/air_conditioner/embedded_computer_system/synthesis/submodules/sch_top.vhd" is not available
Error (204009): Can't generate netlist output files because the license for encrypted file "C:/Andrey/AGSTU/Examensarbete/air_conditioner/embedded_computer_system/synthesis/submodules/blockram.vhd" is not available
Error (204009): Can't generate netlist output files because the license for encrypted file "C:/Andrey/AGSTU/Examensarbete/air_conditioner/embedded_computer_system/synthesis/submodules/sierra_top.vhd" is not available
Error (204009): Can't generate netlist output files because the license for encrypted file "C:/Andrey/AGSTU/Examensarbete/air_conditioner/embedded_computer_system/synthesis/submodules/mod2rdy_rtl.vhd" is not available
Error (204009): Can't generate netlist output files because the license for encrypted file "C:/Andrey/AGSTU/Examensarbete/air_conditioner/embedded_computer_system/synthesis/submodules/tmq_top_tmq.vhd" is not available
Error (204009): Can't generate netlist output files because the license for encrypted file "C:/Andrey/AGSTU/Examensarbete/air_conditioner/embedded_computer_system/synthesis/submodules/sem_top_sem.vhd" is not available
Error (204009): Can't generate netlist output files because the license for encrypted file "C:/Andrey/AGSTU/Examensarbete/air_conditioner/embedded_computer_system/synthesis/submodules/_internal_global.vhd" is not available
Error (204009): Can't generate netlist output files because the license for encrypted file "C:/Andrey/AGSTU/Examensarbete/air_conditioner/embedded_computer_system/synthesis/submodules/bif_top_struct.vhd" is not available
Error (204009): Can't generate netlist output files because the license for encrypted file "C:/Andrey/AGSTU/Examensarbete/air_conditioner/embedded_computer_system/synthesis/submodules/irq_top_struct.vhd" is not available
Error (204009): Can't generate netlist output files because the license for encrypted file "C:/Andrey/AGSTU/Examensarbete/air_conditioner/embedded_computer_system/synthesis/submodules/_internals.vhd" is not available
Error (204009): Can't generate netlist output files because the license for encrypted file "C:/Andrey/AGSTU/Examensarbete/air_conditioner/embedded_computer_system/synthesis/submodules/modules_top_struct.vhd" is not available
Error (204009): Can't generate netlist output files because the license for encrypted file "C:/Andrey/AGSTU/Examensarbete/air_conditioner/embedded_computer_system/synthesis/submodules/sch_top.vhd" is not available
Error (204009): Can't generate netlist output files because the license for encrypted file "C:/Andrey/AGSTU/Examensarbete/air_conditioner/embedded_computer_system/synthesis/submodules/blockram.vhd" is not available
Error (204009): Can't generate netlist output files because the license for encrypted file "C:/Andrey/AGSTU/Examensarbete/air_conditioner/embedded_computer_system/synthesis/submodules/sierra_top.vhd" is not available
Error (204009): Can't generate netlist output files because the license for encrypted file "C:/Andrey/AGSTU/Examensarbete/air_conditioner/embedded_computer_system/synthesis/submodules/mod2rdy_rtl.vhd" is not available
Error (204009): Can't generate netlist output files because the license for encrypted file "C:/Andrey/AGSTU/Examensarbete/air_conditioner/embedded_computer_system/synthesis/submodules/tmq_top_tmq.vhd" is not available
Error (204009): Can't generate netlist output files because the license for encrypted file "C:/Andrey/AGSTU/Examensarbete/air_conditioner/embedded_computer_system/synthesis/submodules/sem_top_sem.vhd" is not available
Error (204009): Can't generate netlist output files because the license for encrypted file "C:/Andrey/AGSTU/Examensarbete/air_conditioner/embedded_computer_system/synthesis/submodules/_internal_global.vhd" is not available
Error (204009): Can't generate netlist output files because the license for encrypted file "C:/Andrey/AGSTU/Examensarbete/air_conditioner/embedded_computer_system/synthesis/submodules/bif_top_struct.vhd" is not available
Error (204009): Can't generate netlist output files because the license for encrypted file "C:/Andrey/AGSTU/Examensarbete/air_conditioner/embedded_computer_system/synthesis/submodules/irq_top_struct.vhd" is not available
Error (204009): Can't generate netlist output files because the license for encrypted file "C:/Andrey/AGSTU/Examensarbete/air_conditioner/embedded_computer_system/synthesis/submodules/_internals.vhd" is not available
Error: Quartus Prime EDA Netlist Writer was unsuccessful. 33 errors, 1 warning
    Error: Peak virtual memory: 4780 megabytes
    Error: Processing ended: Fri May 27 16:26:08 2022
    Error: Elapsed time: 00:00:07
    Error: Total CPU time (on all processors): 00:00:07


